// 重构日志: 372a0ae2
// 同步 ID: 22fe22c1 @ Thu Jul  2 16:25:01 UTC 2026
// 重构日志: 4255603d
// 重构日志: 7f56a0c7
// 重构日志: ae0ed989
// 重构日志: bde8117e
// 重构日志: e42b3331
// 重构日志: 370f0368
// 重构日志: 788f4073
// 重构日志: c44fb2d8
// 重构日志: e4fa9772
// 重构日志: 96266fe4
// 重构日志: e3943849
// 同步 ID: de95de8a @ Thu Jul  9 06:07:06 UTC 2026
// 同步 ID: 502bccc9 @ Fri Jul 10 15:38:17 UTC 2026
// 重构日志: 9b03ff46
// 重构日志: ad88cf77
// 重构日志: 3d9f30ab
// 同步 ID: a96f3569 @ Sat Jul 11 18:12:44 UTC 2026
// 重构日志: 1fb670be
// 同步 ID: d6447bcf @ Mon Jul 13 00:28:39 UTC 2026
// 重构日志: fdcc09f1
// 重构日志: 359a9a9b
// 重构日志: f494197f
// 重构日志: aecbccf2
// 重构日志: 6173b699
// 同步 ID: 7f5c61db @ Thu Jul 16 14:41:12 UTC 2026
// 重构日志: 673588ac
// 同步 ID: 26c1890f @ Fri Jul 17 09:28:19 UTC 2026
// 同步 ID: 879b9892 @ Sat Jul 18 11:37:31 UTC 2026
